2025-03-23 23:43:25.156 | INFO     | MODEL.dbconnector:_create_connection:87 - Kết nối thành công đến database
2025-03-23 23:43:25.291 | INFO     | server:start_server:100 - Máy chủ đang lắng nghe trên cổng 65432
2025-03-23 23:43:29.436 | INFO     | CONTROLLER.authController:login:26 - Đăng nhập thành công cho người dùng: 1
2025-03-23 23:43:30.454 | INFO     | CONTROLLER.fetchMailController:fetch_all_users:45 - Truy xuất 6 người dùng
2025-03-23 23:43:31.542 | INFO     | CONTROLLER.fetchMailController:fetch_emails_by_user:63 - Truy xuất 7 email loại inbox của người dùng 1
2025-03-23 23:47:30.268 | INFO     | MODEL.dbconnector:_create_connection:87 - Kết nối thành công đến database
2025-03-23 23:47:30.407 | INFO     | server:start_server:100 - Máy chủ đang lắng nghe trên cổng 65432
2025-03-23 23:47:33.181 | INFO     | CONTROLLER.authController:login:26 - Đăng nhập thành công cho người dùng: 1
2025-03-23 23:47:34.064 | INFO     | CONTROLLER.fetchMailController:fetch_all_users:45 - Truy xuất 6 người dùng
2025-03-23 23:53:09.507 | INFO     | MODEL.dbconnector:_create_connection:87 - Kết nối thành công đến database
2025-03-23 23:53:09.649 | INFO     | server:start_server:100 - Máy chủ đang lắng nghe trên cổng 65432
2025-03-23 23:53:14.511 | INFO     | CONTROLLER.authController:login:26 - Đăng nhập thành công cho người dùng: 1
2025-03-23 23:53:15.443 | INFO     | CONTROLLER.fetchMailController:fetch_all_users:45 - Truy xuất 6 người dùng
2025-03-23 23:53:16.754 | INFO     | CONTROLLER.fetchMailController:fetch_emails_by_user:63 - Truy xuất 7 email loại inbox của người dùng 1
2025-03-23 23:53:17.958 | INFO     | VIEW.subView.subMailView.rightFrame:show_email_details:57 - Selected email ID: 22
2025-03-23 23:53:17.959 | INFO     | CONTROLLER.fetchMailController:fetch_email_details:74 - Fetching details for email ID: 22
2025-03-23 23:53:17.962 | INFO     | CONTROLLER.fetchMailController:fetch_email_details:78 - Truy xuất chi tiết email thành công: {'id': 22, 'sender': '1', 'recipients': '1', 'cc': '', 'bcc': '', 'subject': '~~', 'body': '~~~\n', 'attachments': '', 'timestamp': '2025-03-23T22:30:20'}
2025-03-23 23:53:27.229 | INFO     | CONTROLLER.sendMailController:send_email:29 - Email đã được gửi thành công từ 1 đến 1
2025-03-23 23:53:29.377 | INFO     | CONTROLLER.fetchMailController:fetch_emails_by_user:63 - Truy xuất 8 email loại inbox của người dùng 1
2025-03-23 23:53:36.977 | INFO     | CONTROLLER.authController:login:26 - Đăng nhập thành công cho người dùng: 1
2025-03-23 23:53:38.003 | INFO     | CONTROLLER.fetchMailController:fetch_all_users:45 - Truy xuất 6 người dùng
2025-03-24 00:09:02.429 | INFO     | MODEL.dbconnector:_create_connection:87 - Kết nối thành công đến database
2025-03-24 00:09:02.568 | INFO     | server:start_server:100 - Máy chủ đang lắng nghe trên cổng 65432
2025-03-24 00:09:06.530 | INFO     | CONTROLLER.authController:login:26 - Đăng nhập thành công cho người dùng: 1
2025-03-24 00:09:07.627 | INFO     | CONTROLLER.fetchMailController:fetch_all_users:45 - Truy xuất 6 người dùng
2025-03-24 00:09:08.916 | INFO     | CONTROLLER.fetchMailController:fetch_emails_by_user:63 - Truy xuất 8 email loại inbox của người dùng 1
